[27-May-2020 11:25:37 UTC] PHP Notice:  Undefined index: host in /var/www/dystell/wp-includes/canonical.php on line 536
[27-May-2020 11:25:37 UTC] PHP Notice:  Undefined index: host in /var/www/dystell/wp-includes/canonical.php on line 537
[27-May-2020 11:25:37 UTC] PHP Notice:  Undefined index: host in /var/www/dystell/wp-includes/canonical.php on line 537
[27-May-2020 11:25:37 UTC] PHP Notice:  Undefined index: host in /var/www/dystell/wp-includes/canonical.php on line 538
[27-May-2020 11:25:37 UTC] PHP Notice:  Undefined index: host in /var/www/dystell/wp-includes/canonical.php on line 541
[27-May-2020 15:18:42 UTC] PHP Notice:  Undefined offset: 0 in /var/www/dystell/wp-content/plugins/ultimate-member/includes/core/um-actions-account.php on line 511
[27-May-2020 15:18:42 UTC] PHP Notice:  Undefined offset: 0 in /var/www/dystell/wp-content/plugins/ultimate-member/includes/core/um-actions-account.php on line 513
[27-May-2020 15:18:42 UTC] PHP Notice:  Undefined offset: 0 in /var/www/dystell/wp-content/plugins/ultimate-member/includes/core/um-actions-account.php on line 554
[27-May-2020 15:18:42 UTC] PHP Notice:  Undefined offset: 0 in /var/www/dystell/wp-content/plugins/ultimate-member/includes/core/um-actions-account.php on line 556
[27-May-2020 15:18:45 UTC] PHP Notice:  Undefined offset: 0 in /var/www/dystell/wp-content/plugins/ultimate-member/includes/core/um-actions-account.php on line 511
[27-May-2020 15:18:45 UTC] PHP Notice:  Undefined offset: 0 in /var/www/dystell/wp-content/plugins/ultimate-member/includes/core/um-actions-account.php on line 513
[27-May-2020 15:18:45 UTC] PHP Notice:  Undefined offset: 0 in /var/www/dystell/wp-content/plugins/ultimate-member/includes/core/um-actions-account.php on line 554
[27-May-2020 15:18:45 UTC] PHP Notice:  Undefined offset: 0 in /var/www/dystell/wp-content/plugins/ultimate-member/includes/core/um-actions-account.php on line 556
[27-May-2020 15:18:55 UTC] PHP Notice:  Undefined index: host in /var/www/dystell/wp-includes/canonical.php on line 536
[27-May-2020 15:18:55 UTC] PHP Notice:  Undefined index: host in /var/www/dystell/wp-includes/canonical.php on line 537
[27-May-2020 15:18:55 UTC] PHP Notice:  Undefined index: host in /var/www/dystell/wp-includes/canonical.php on line 537
[27-May-2020 15:18:55 UTC] PHP Notice:  Undefined index: host in /var/www/dystell/wp-includes/canonical.php on line 538
[27-May-2020 15:18:55 UTC] PHP Notice:  Undefined index: host in /var/www/dystell/wp-includes/canonical.php on line 541
[27-May-2020 15:45:34 UTC] PHP Notice:  Undefined offset: 0 in /var/www/dystell/wp-content/plugins/ultimate-member/includes/core/um-actions-account.php on line 511
[27-May-2020 15:45:34 UTC] PHP Notice:  Undefined offset: 0 in /var/www/dystell/wp-content/plugins/ultimate-member/includes/core/um-actions-account.php on line 513
[27-May-2020 15:45:34 UTC] PHP Notice:  Undefined offset: 0 in /var/www/dystell/wp-content/plugins/ultimate-member/includes/core/um-actions-account.php on line 554
[27-May-2020 15:45:34 UTC] PHP Notice:  Undefined offset: 0 in /var/www/dystell/wp-content/plugins/ultimate-member/includes/core/um-actions-account.php on line 556
[28-May-2020 07:05:41 UTC] PHP Notice:  Undefined index: custom_validate in /var/www/dystell/wp-content/plugins/ultimate-member/includes/core/um-actions-form.php on line 573
[28-May-2020 07:05:41 UTC] PHP Warning:  call_user_func_array() expects parameter 1 to be a valid callback, function 'my_submit_form_errors_hook' not found or invalid function name in /var/www/dystell/wp-includes/class-wp-hook.php on line 287
[28-May-2020 07:08:49 UTC] Eru Olorun Ba mi
[28-May-2020 07:08:49 UTC] 
[28-May-2020 07:14:41 UTC] Eru Olorun Ba mi
[28-May-2020 07:14:41 UTC] 
[28-May-2020 07:15:51 UTC] Eru Olorun Ba mi
[28-May-2020 07:15:51 UTC] 
[28-May-2020 07:16:00 UTC] Eru Olorun Ba mi
[28-May-2020 07:16:00 UTC] 
[28-May-2020 07:23:46 UTC] PHP Warning:  call_user_func_array() expects parameter 1 to be a valid callback, function 'my_submit_form_errors_hook' not found or invalid function name in /var/www/dystell/wp-includes/class-wp-hook.php on line 287
[28-May-2020 07:23:57 UTC] PHP Warning:  call_user_func_array() expects parameter 1 to be a valid callback, function 'my_submit_form_errors_hook' not found or invalid function name in /var/www/dystell/wp-includes/class-wp-hook.php on line 287
[28-May-2020 07:23:57 UTC] PHP Warning:  array_diff(): Argument #1 is not an array in /var/www/dystell/wp-content/plugins/ultimate-member/includes/core/um-actions-profile.php on line 558
[28-May-2020 07:23:57 UTC] PHP Warning:  array_merge(): Argument #2 is not an array in /var/www/dystell/wp-content/plugins/ultimate-member/includes/core/um-actions-profile.php on line 564
[28-May-2020 07:23:57 UTC] PHP Warning:  Invalid argument supplied for foreach() in /var/www/dystell/wp-content/plugins/ultimate-member/includes/core/um-actions-profile.php on line 567
[28-May-2020 07:23:57 UTC] Eru Olorun Ba mi
[28-May-2020 07:23:57 UTC] 
[28-May-2020 07:24:52 UTC] PHP Warning:  call_user_func_array() expects parameter 1 to be a valid callback, function 'my_submit_form_errors_hook' not found or invalid function name in /var/www/dystell/wp-includes/class-wp-hook.php on line 287
[28-May-2020 07:24:52 UTC] PHP Warning:  array_diff(): Argument #1 is not an array in /var/www/dystell/wp-content/plugins/ultimate-member/includes/core/um-actions-profile.php on line 558
[28-May-2020 07:24:52 UTC] PHP Warning:  array_merge(): Argument #2 is not an array in /var/www/dystell/wp-content/plugins/ultimate-member/includes/core/um-actions-profile.php on line 564
[28-May-2020 07:24:52 UTC] PHP Warning:  Invalid argument supplied for foreach() in /var/www/dystell/wp-content/plugins/ultimate-member/includes/core/um-actions-profile.php on line 567
[28-May-2020 07:24:53 UTC] Eru Olorun Ba mi
[28-May-2020 07:24:53 UTC] 
[28-May-2020 07:26:24 UTC] Eru Olorun Ba mi
[28-May-2020 07:26:24 UTC] 
[28-May-2020 07:26:30 UTC] Eru Olorun Ba mi
[28-May-2020 07:26:30 UTC] 
[28-May-2020 07:38:45 UTC] PHP Warning:  call_user_func_array() expects parameter 1 to be a valid callback, function 'my_submit_form_errors_hook' not found or invalid function name in /var/www/dystell/wp-includes/class-wp-hook.php on line 287
[28-May-2020 07:38:45 UTC] Eru Olorun Ba mi
[28-May-2020 07:38:45 UTC] 
